# JRE version: OpenJDK Runtime Environment (8.0_212-b04) (build 1.8.0_212-release-1586-b04)
# Java VM: OpenJDK 64-Bit Server VM (25.212-b04 mixed mode windows-amd64 compressed oops)
Heap:
 PSYoungGen      total 360448K, used 245788K [0x00000000e0000000, 0x00000000f9400000, 0x0000000100000000)
  eden space 329728K, 65% used [0x00000000e0000000,0x00000000ed22fc88,0x00000000f4200000)
  from space 30720K, 99% used [0x00000000f4f00000,0x00000000f6cd7770,0x00000000f6d00000)
  to   space 39936K, 0% used [0x00000000f6d00000,0x00000000f6d00000,0x00000000f9400000)
 ParOldGen       total 135168K, used 92713K [0x00000000a0000000, 0x00000000a8400000, 0x00000000e0000000)
  object space 135168K, 68% used [0x00000000a0000000,0x00000000a5a8a680,0x00000000a8400000)
 Metaspace       used 89875K, capacity 93926K, committed 94232K, reserved 1130496K
  class space    used 11546K, capacity 12458K, committed 12584K, reserved 1048576K
GC Heap History (10 events):
Event: 94.891 GC heap before
{Heap before GC invocations=24 (full 3):
 PSYoungGen      total 306176K, used 305639K [0x00000000e0000000, 0x00000000f4480000, 0x0000000100000000)
  eden space 286208K, 100% used [0x00000000e0000000,0x00000000f1780000,0x00000000f1780000)
  from space 19968K, 97% used [0x00000000f3100000,0x00000000f43f9cb8,0x00000000f4480000)
  to   space 23040K, 0% used [0x00000000f1780000,0x00000000f1780000,0x00000000f2e00000)
 ParOldGen       total 135168K, used 57345K [0x00000000a0000000, 0x00000000a8400000, 0x00000000e0000000)
  object space 135168K, 42% used [0x00000000a0000000,0x00000000a3800718,0x00000000a8400000)
 Metaspace       used 80839K, capacity 84306K, committed 84632K, reserved 1122304K
  class space    used 10578K, capacity 11337K, committed 11432K, reserved 1048576K
Event: 94.916 GC heap after
Heap after GC invocations=24 (full 3):
 PSYoungGen      total 309248K, used 23034K [0x00000000e0000000, 0x00000000f8080000, 0x0000000100000000)
  eden space 286208K, 0% used [0x00000000e0000000,0x00000000e0000000,0x00000000f1780000)
  from space 23040K, 99% used [0x00000000f1780000,0x00000000f2dfeb18,0x00000000f2e00000)
  to   space 34816K, 0% used [0x00000000f5e80000,0x00000000f5e80000,0x00000000f8080000)
 ParOldGen       total 135168K, used 81672K [0x00000000a0000000, 0x00000000a8400000, 0x00000000e0000000)
  object space 135168K, 60% used [0x00000000a0000000,0x00000000a4fc22f0,0x00000000a8400000)
 Metaspace       used 80839K, capacity 84306K, committed 84632K, reserved 1122304K
  class space    used 10578K, capacity 11337K, committed 11432K, reserved 1048576K
}
Event: 167.592 GC heap before
{Heap before GC invocations=25 (full 3):
 PSYoungGen      total 309248K, used 309242K [0x00000000e0000000, 0x00000000f8080000, 0x0000000100000000)
  eden space 286208K, 100% used [0x00000000e0000000,0x00000000f1780000,0x00000000f1780000)
  from space 23040K, 99% used [0x00000000f1780000,0x00000000f2dfeb18,0x00000000f2e00000)
  to   space 34816K, 0% used [0x00000000f5e80000,0x00000000f5e80000,0x00000000f8080000)
 ParOldGen       total 135168K, used 81672K [0x00000000a0000000, 0x00000000a8400000, 0x00000000e0000000)
  object space 135168K, 60% used [0x00000000a0000000,0x00000000a4fc22f0,0x00000000a8400000)
 Metaspace       used 81701K, capacity 85340K, committed 85528K, reserved 1124352K
  class space    used 10646K, capacity 11446K, committed 11560K, reserved 1048576K
Event: 167.609 GC heap after
Heap after GC invocations=25 (full 3):
 PSYoungGen      total 344576K, used 19474K [0x00000000e0000000, 0x00000000f7900000, 0x0000000100000000)
  eden space 317440K, 0% used [0x00000000e0000000,0x00000000e0000000,0x00000000f3600000)
  from space 27136K, 71% used [0x00000000f5e80000,0x00000000f7184948,0x00000000f7900000)
  to   space 34304K, 0% used [0x00000000f3600000,0x00000000f3600000,0x00000000f5780000)
 ParOldGen       total 135168K, used 89052K [0x00000000a0000000, 0x00000000a8400000, 0x00000000e0000000)
  object space 135168K, 65% used [0x00000000a0000000,0x00000000a56f71d0,0x00000000a8400000)
 Metaspace       used 81701K, capacity 85340K, committed 85528K, reserved 1124352K
  class space    used 10646K, capacity 11446K, committed 11560K, reserved 1048576K
}
Event: 169.424 GC heap before
{Heap before GC invocations=26 (full 3):
 PSYoungGen      total 344576K, used 336914K [0x00000000e0000000, 0x00000000f7900000, 0x0000000100000000)
  eden space 317440K, 100% used [0x00000000e0000000,0x00000000f3600000,0x00000000f3600000)
  from space 27136K, 71% used [0x00000000f5e80000,0x00000000f7184948,0x00000000f7900000)
  to   space 34304K, 0% used [0x00000000f3600000,0x00000000f3600000,0x00000000f5780000)
 ParOldGen       total 135168K, used 89052K [0x00000000a0000000, 0x00000000a8400000, 0x00000000e0000000)
  object space 135168K, 65% used [0x00000000a0000000,0x00000000a56f71d0,0x00000000a8400000)
 Metaspace       used 81952K, capacity 85554K, committed 85784K, reserved 1124352K
  class space    used 10672K, capacity 11451K, committed 11560K, reserved 1048576K
Event: 169.438 GC heap after
Heap after GC invocations=26 (full 3):
 PSYoungGen      total 351744K, used 12163K [0x00000000e0000000, 0x00000000f9600000, 0x0000000100000000)
  eden space 317440K, 0% used [0x00000000e0000000,0x00000000e0000000,0x00000000f3600000)
  from space 34304K, 35% used [0x00000000f3600000,0x00000000f41e0f40,0x00000000f5780000)
  to   space 33280K, 0% used [0x00000000f7580000,0x00000000f7580000,0x00000000f9600000)
 ParOldGen       total 135168K, used 89060K [0x00000000a0000000, 0x00000000a8400000, 0x00000000e0000000)
  object space 135168K, 65% used [0x00000000a0000000,0x00000000a56f91d0,0x00000000a8400000)
 Metaspace       used 81952K, capacity 85554K, committed 85784K, reserved 1124352K
  class space    used 10672K, capacity 11451K, committed 11560K, reserved 1048576K
}
Event: 173.660 GC heap before
{Heap before GC invocations=27 (full 3):
 PSYoungGen      total 351744K, used 329603K [0x00000000e0000000, 0x00000000f9600000, 0x0000000100000000)
  eden space 317440K, 100% used [0x00000000e0000000,0x00000000f3600000,0x00000000f3600000)
  from space 34304K, 35% used [0x00000000f3600000,0x00000000f41e0f40,0x00000000f5780000)
  to   space 33280K, 0% used [0x00000000f7580000,0x00000000f7580000,0x00000000f9600000)
 ParOldGen       total 135168K, used 89060K [0x00000000a0000000, 0x00000000a8400000, 0x00000000e0000000)
  object space 135168K, 65% used [0x00000000a0000000,0x00000000a56f91d0,0x00000000a8400000)
 Metaspace       used 88924K, capacity 92578K, committed 92696K, reserved 1130496K
  class space    used 11473K, capacity 12297K, committed 12328K, reserved 1048576K
Event: 173.706 GC heap after
Heap after GC invocations=27 (full 3):
 PSYoungGen      total 376320K, used 33277K [0x00000000e0000000, 0x00000000fa180000, 0x0000000100000000)
  eden space 343040K, 0% used [0x00000000e0000000,0x00000000e0000000,0x00000000f4f00000)
  from space 33280K, 99% used [0x00000000f7580000,0x00000000f95ff6b8,0x00000000f9600000)
  to   space 39424K, 0% used [0x00000000f4f00000,0x00000000f4f00000,0x00000000f7580000)
 ParOldGen       total 135168K, used 92559K [0x00000000a0000000, 0x00000000a8400000, 0x00000000e0000000)
  object space 135168K, 68% used [0x00000000a0000000,0x00000000a5a63ff8,0x00000000a8400000)
 Metaspace       used 88924K, capacity 92578K, committed 92696K, reserved 1130496K
  class space    used 11473K, capacity 12297K, committed 12328K, reserved 1048576K
}
Event: 1313.666 GC heap before
{Heap before GC invocations=28 (full 3):
 PSYoungGen      total 376320K, used 376317K [0x00000000e0000000, 0x00000000fa180000, 0x0000000100000000)
  eden space 343040K, 100% used [0x00000000e0000000,0x00000000f4f00000,0x00000000f4f00000)
  from space 33280K, 99% used [0x00000000f7580000,0x00000000f95ff6b8,0x00000000f9600000)
  to   space 39424K, 0% used [0x00000000f4f00000,0x00000000f4f00000,0x00000000f7580000)
 ParOldGen       total 135168K, used 92559K [0x00000000a0000000, 0x00000000a8400000, 0x00000000e0000000)
  object space 135168K, 68% used [0x00000000a0000000,0x00000000a5a63ff8,0x00000000a8400000)
 Metaspace       used 89732K, capacity 93734K, committed 93976K, reserved 1130496K
  class space    used 11542K, capacity 12458K, committed 12584K, reserved 1048576K
Event: 1313.715 GC heap after
Heap after GC invocations=28 (full 3):
 PSYoungGen      total 360448K, used 30557K [0x00000000e0000000, 0x00000000f9400000, 0x0000000100000000)
  eden space 329728K, 0% used [0x00000000e0000000,0x00000000e0000000,0x00000000f4200000)
  from space 30720K, 99% used [0x00000000f4f00000,0x00000000f6cd7770,0x00000000f6d00000)
  to   space 39936K, 0% used [0x00000000f6d00000,0x00000000f6d00000,0x00000000f9400000)
 ParOldGen       total 135168K, used 92713K [0x00000000a0000000, 0x00000000a8400000, 0x00000000e0000000)
  object space 135168K, 68% used [0x00000000a0000000,0x00000000a5a8a680,0x00000000a8400000)
 Metaspace       used 89732K, capacity 93734K, committed 93976K, reserved 1130496K
  class space    used 11542K, capacity 12458K, committed 12584K, reserved 1048576K
}

